db/src/gen/.hdiconfig
db/src/gen/.hdinamespace
db/src/gen/CATALOGSERVICE_AUTHORS.hdbcds
db/src/gen/CATALOGSERVICE_BOOKS.hdbcds
db/src/gen/CATALOGSERVICE_BOOKS_TEXTS.hdbcds
db/src/gen/CATALOGSERVICE_COUNTRIES.hdbcds
db/src/gen/CATALOGSERVICE_COUNTRIES_TEXTS.hdbcds
db/src/gen/CATALOGSERVICE_ORDERS.hdbcds
db/src/gen/LOCALIZED_CATALOGSERVICE_AUTHORS.hdbcds
db/src/gen/LOCALIZED_CATALOGSERVICE_BOOKS.hdbcds
db/src/gen/LOCALIZED_CATALOGSERVICE_COUNTRIES.hdbcds
db/src/gen/LOCALIZED_CATALOGSERVICE_ORDERS.hdbcds
db/src/gen/LOCALIZED_MY_BOOKSHOP_AUTHORS.hdbcds
db/src/gen/LOCALIZED_MY_BOOKSHOP_BOOKS.hdbcds
db/src/gen/LOCALIZED_MY_BOOKSHOP_ORDERS.hdbcds
db/src/gen/LOCALIZED_SAP_COMMON_COUNTRIES.hdbcds
db/src/gen/MY_BOOKSHOP_AUTHORS.hdbcds
db/src/gen/MY_BOOKSHOP_BOOKS.hdbcds
db/src/gen/MY_BOOKSHOP_BOOKS_TEXTS.hdbcds
db/src/gen/MY_BOOKSHOP_ORDERS.hdbcds
db/src/gen/SAP_COMMON_COUNTRIES.hdbcds
db/src/gen/SAP_COMMON_COUNTRIES_TEXTS.hdbcds
db/src/gen/csv/my.bookshop-Authors.csv
db/src/gen/csv/my.bookshop-Authors.hdbtabledata
db/src/gen/csv/my.bookshop-Books.csv
db/src/gen/csv/my.bookshop-Books.hdbtabledata
db/src/gen/csv/my.bookshop-Orders.csv
db/src/gen/csv/my.bookshop-Orders.hdbtabledata
srv/src/main/resources/edmx/CatalogService.xml
srv/src/main/resources/edmx/CatalogService_ar.xml
srv/src/main/resources/edmx/CatalogService_cs.xml
srv/src/main/resources/edmx/CatalogService_da.xml
srv/src/main/resources/edmx/CatalogService_de.xml
srv/src/main/resources/edmx/CatalogService_en.xml
srv/src/main/resources/edmx/CatalogService_es.xml
srv/src/main/resources/edmx/CatalogService_fi.xml
srv/src/main/resources/edmx/CatalogService_fr.xml
srv/src/main/resources/edmx/CatalogService_hu.xml
srv/src/main/resources/edmx/CatalogService_it.xml
srv/src/main/resources/edmx/CatalogService_ja.xml
srv/src/main/resources/edmx/CatalogService_ko.xml
srv/src/main/resources/edmx/CatalogService_ms.xml
srv/src/main/resources/edmx/CatalogService_nl.xml
srv/src/main/resources/edmx/CatalogService_no.xml
srv/src/main/resources/edmx/CatalogService_pl.xml
srv/src/main/resources/edmx/CatalogService_pt.xml
srv/src/main/resources/edmx/CatalogService_ro.xml
srv/src/main/resources/edmx/CatalogService_ru.xml
srv/src/main/resources/edmx/CatalogService_sv.xml
srv/src/main/resources/edmx/CatalogService_th.xml
srv/src/main/resources/edmx/CatalogService_tr.xml
srv/src/main/resources/edmx/CatalogService_zh_CN.xml
srv/src/main/resources/edmx/CatalogService_zh_TW.xml
srv/src/main/resources/edmx/csn.json